<?xml version="1.0" encoding="UTF-8"?>
<!-- Generated by org.testng.reporters.JUnitReportReporter -->
<testsuite hostname="DESKTOP-EUH2O3V" failures="0" tests="6" name="capstoneprojrestassured.GetAllMedicine" time="1.790" errors="0" timestamp="2023-12-22T20:43:42 IST" skipped="0">
  <testcase classname="capstoneprojrestassured.GetAllMedicine" name="get_all_products" time="1.265"/>
  <system-out/>
  <testcase classname="capstoneprojrestassured.GetAllMedicine" name="get_all_users" time="0.026"/>
  <system-out/>
  <testcase classname="capstoneprojrestassured.GetAllMedicine" name="add_Product" time="0.386"/>
  <system-out/>
  <testcase classname="capstoneprojrestassured.GetAllMedicine" name="update_ProductName" time="0.074"/>
  <system-out/>
  <testcase classname="capstoneprojrestassured.GetAllMedicine" name="update_ProductStatus" time="0.016"/>
  <system-out/>
  <testcase classname="capstoneprojrestassured.GetAllMedicine" name="deleteProduct" time="0.023"/>
  <system-out/>
</testsuite> <!-- capstoneprojrestassured.GetAllMedicine -->
