<?xml version="1.0" encoding="UTF-8"?>
<!-- Generated by org.testng.reporters.JUnitReportReporter -->
<testsuite hostname="DESKTOP-EUH2O3V" failures="0" tests="4" name="com.medicare.Test.LoginPageTest" time="5.635" errors="0" timestamp="2023-12-22T20:38:37 IST" skipped="0">
  <testcase classname="com.medicare.Test.LoginPageTest" name="test_login" time="5.424"/>
  <system-out/>
  <testcase classname="com.medicare.Test.LoginPageTest" name="test_getTitle_page" time="0.006"/>
  <system-out/>
  <testcase classname="com.medicare.Test.LoginPageTest" name="Test_validate_registration_Text" time="0.060"/>
  <system-out/>
  <testcase classname="com.medicare.Test.LoginPageTest" name="test_click_cart" time="0.145"/>
  <system-out/>
</testsuite> <!-- com.medicare.Test.LoginPageTest -->
