<?xml version="1.0" encoding="UTF-8"?>
<!-- Generated by org.testng.reporters.JUnitReportReporter -->
<testsuite hostname="DESKTOP-EUH2O3V" failures="0" tests="3" name="com.medicare.Test.AddToCartTestPage" time="5.603" errors="0" timestamp="2023-12-22T20:10:13 IST" skipped="0">
  <testcase classname="com.medicare.Test.AddToCartTestPage" name="test_login" time="5.458"/>
  <system-out/>
  <testcase classname="com.medicare.Test.AddToCartTestPage" name="test_add_product_to_cart" time="0.087"/>
  <system-out/>
  <testcase classname="com.medicare.Test.AddToCartTestPage" name="test_validate_success_message" time="0.058"/>
  <system-out/>
</testsuite> <!-- com.medicare.Test.AddToCartTestPage -->
