<?xml version="1.0" encoding="UTF-8"?>
<!-- Generated by org.testng.reporters.JUnitReportReporter -->
<testsuite hostname="DESKTOP-EUH2O3V" failures="0" tests="5" name="com.medicare.Test.RegisterPageTest" time="7.183" errors="0" timestamp="2023-12-22T20:29:48 IST" skipped="0">
  <testcase classname="com.medicare.Test.RegisterPageTest" name="test_click_register_link" time="1.671"/>
  <system-out/>
  <testcase classname="com.medicare.Test.RegisterPageTest" name="test_getTitle_page" time="0.020"/>
  <system-out/>
  <testcase classname="com.medicare.Test.RegisterPageTest" name="Test_register_user" time="5.427"/>
  <system-out/>
  <testcase classname="com.medicare.Test.RegisterPageTest" name="Test_validate_registration_URL" time="0.014"/>
  <system-out/>
  <testcase classname="com.medicare.Test.RegisterPageTest" name="Test_validate_registration_Text" time="0.051"/>
  <system-out/>
</testsuite> <!-- com.medicare.Test.RegisterPageTest -->
