<?xml version="1.0" encoding="UTF-8"?>
<!-- Generated by org.testng.reporters.JUnitReportReporter -->
<testsuite hostname="DESKTOP-EUH2O3V" failures="0" tests="3" name="com.medicare.Test.OrderPageTest" time="5.564" errors="0" timestamp="2023-12-22T19:51:13 IST" skipped="0">
  <testcase classname="com.medicare.Test.OrderPageTest" name="test_login" time="5.392"/>
  <system-out/>
  <testcase classname="com.medicare.Test.OrderPageTest" name="test_click_orders" time="0.153"/>
  <system-out/>
  <testcase classname="com.medicare.Test.OrderPageTest" name="test_getTitle_page" time="0.019"/>
  <system-out/>
</testsuite> <!-- com.medicare.Test.OrderPageTest -->
