<?xml version="1.0" encoding="UTF-8"?>
<!-- Generated by org.testng.reporters.JUnitReportReporter -->
<testsuite hostname="DESKTOP-EUH2O3V" failures="0" tests="5" name="com.medicare.Test.ResgisterPageTest" time="7.423" errors="0" timestamp="2023-12-22T19:51:45 IST" skipped="0">
  <testcase classname="com.medicare.Test.ResgisterPageTest" name="test_click_register_link" time="1.636"/>
  <system-out/>
  <testcase classname="com.medicare.Test.ResgisterPageTest" name="test_getTitle_page" time="0.025"/>
  <system-out/>
  <testcase classname="com.medicare.Test.ResgisterPageTest" name="Test_register_user" time="5.371"/>
  <system-out/>
  <testcase classname="com.medicare.Test.ResgisterPageTest" name="Test_validate_registration_URL" time="0.249"/>
  <system-out/>
  <testcase classname="com.medicare.Test.ResgisterPageTest" name="Test_validate_registration_Text" time="0.142"/>
  <system-out/>
</testsuite> <!-- com.medicare.Test.ResgisterPageTest -->
