<?xml version="1.0" encoding="UTF-8"?>
<!-- Generated by org.testng.reporters.JUnitReportReporter -->
<testsuite hostname="DESKTOP-EUH2O3V" failures="0" tests="3" name="com.medicare.Test.HomePageTest" time="1.707" errors="0" timestamp="2023-12-22T19:33:32 IST" skipped="0">
  <testcase classname="com.medicare.Test.HomePageTest" name="test_getTitle_page" time="0.017"/>
  <system-out/>
  <testcase classname="com.medicare.Test.HomePageTest" name="Test_Validate_Text_On_Page" time="0.044"/>
  <system-out/>
  <testcase classname="com.medicare.Test.HomePageTest" name="test_click_register_link" time="1.646"/>
  <system-out/>
</testsuite> <!-- com.medicare.Test.HomePageTest -->
